[2020-03-31T18:41:26.786] [DEBUG] cheese - login => username:zs,password:123456
[2020-03-31T18:41:26.793] [DEBUG] cheese - zs
[2020-03-31T18:41:26.841] [DEBUG] cheese - null
[2020-03-31T18:41:26.842] [DEBUG] cheese - null
[2020-03-31T18:41:42.362] [DEBUG] cheese - login => username:admin,password:123456
[2020-03-31T18:41:42.363] [DEBUG] cheese - admin
[2020-03-31T18:41:42.379] [DEBUG] cheese - null
[2020-03-31T18:41:42.379] [DEBUG] cheese - null
[2020-04-01T11:51:27.571] [DEBUG] cheese - login => username:admin,password:123456
[2020-04-01T11:51:27.577] [DEBUG] cheese - admin
[2020-04-01T11:51:27.598] [DEBUG] cheese - null
[2020-04-01T11:51:27.599] [DEBUG] cheese - null
[2020-04-01T12:26:18.639] [DEBUG] cheese - login => username:admin,password:123456
[2020-04-01T12:26:18.639] [DEBUG] cheese - admin
[2020-04-01T12:26:18.646] [DEBUG] cheese - null
[2020-04-01T12:26:18.647] [DEBUG] cheese - null
[2020-04-01T16:26:36.556] [DEBUG] cheese - login => username:123,password:123456
[2020-04-01T16:26:36.559] [DEBUG] cheese - 123
[2020-04-01T16:26:36.607] [DEBUG] cheese - null
[2020-04-01T16:26:36.608] [DEBUG] cheese - null
[2020-04-01T16:26:55.250] [DEBUG] cheese - login => username:admin,password:123456
[2020-04-01T16:26:55.250] [DEBUG] cheese - admin
[2020-04-01T16:26:55.261] [DEBUG] cheese - null
[2020-04-01T16:26:55.262] [DEBUG] cheese - null
[2020-04-01T16:27:08.078] [DEBUG] cheese - login => username:admin,password:123456
[2020-04-01T16:27:08.078] [DEBUG] cheese - admin
[2020-04-01T16:27:08.085] [DEBUG] cheese - null
[2020-04-01T16:27:08.085] [DEBUG] cheese - null
[2020-04-01T16:27:23.770] [DEBUG] cheese - login => username:admin,password:123456
[2020-04-01T16:27:23.770] [DEBUG] cheese - admin
[2020-04-01T16:27:23.775] [DEBUG] cheese - null
[2020-04-01T16:27:23.775] [DEBUG] cheese - null
[2020-04-01T16:28:26.055] [DEBUG] cheese - login => username:admin,password:123456
[2020-04-01T16:28:26.055] [DEBUG] cheese - admin
[2020-04-01T16:28:26.060] [DEBUG] cheese - null
[2020-04-01T16:28:26.060] [DEBUG] cheese - null
[2020-04-02T09:56:06.137] [DEBUG] cheese - login => username:123,password:123456
[2020-04-02T09:56:06.140] [DEBUG] cheese - 123
[2020-04-02T09:56:06.163] [DEBUG] cheese - null
[2020-04-02T09:56:06.165] [DEBUG] cheese - null
[2020-04-02T09:56:19.897] [DEBUG] cheese - login => username:admin,password:123456
[2020-04-02T09:56:19.897] [DEBUG] cheese - admin
[2020-04-02T09:56:19.908] [DEBUG] cheese - null
[2020-04-02T09:56:19.908] [DEBUG] cheese - null
[2020-04-02T09:56:24.371] [DEBUG] cheese - login => username:admin,password:123456
[2020-04-02T09:56:24.372] [DEBUG] cheese - admin
[2020-04-02T09:56:24.378] [DEBUG] cheese - null
[2020-04-02T09:56:24.378] [DEBUG] cheese - null
[2020-04-02T10:47:12.355] [DEBUG] cheese - login => username:admin,password:123456
[2020-04-02T10:47:12.357] [DEBUG] cheese - admin
[2020-04-02T10:47:12.442] [DEBUG] cheese - null
[2020-04-02T10:47:12.444] [DEBUG] cheese - null
[2020-04-02T10:47:41.479] [DEBUG] cheese - login => username:admin,password:123456
[2020-04-02T10:47:41.480] [DEBUG] cheese - admin
[2020-04-02T10:47:41.485] [DEBUG] cheese - null
[2020-04-02T10:47:41.485] [DEBUG] cheese - null
[2020-04-02T10:49:45.823] [DEBUG] cheese - login => username:admin,password:123456
[2020-04-02T10:49:45.823] [DEBUG] cheese - admin
[2020-04-02T10:49:45.828] [DEBUG] cheese - null
[2020-04-02T10:49:45.829] [DEBUG] cheese - null
[2020-04-02T10:51:02.374] [DEBUG] cheese - login => username:admin,password:123456
[2020-04-02T10:51:02.374] [DEBUG] cheese - admin
[2020-04-02T10:51:02.379] [DEBUG] cheese - null
[2020-04-02T10:51:02.379] [DEBUG] cheese - null
[2020-04-02T10:51:14.812] [DEBUG] cheese - login => username:admi,password:123456
[2020-04-02T10:51:14.812] [DEBUG] cheese - admi
[2020-04-02T10:51:14.816] [DEBUG] cheese - null
[2020-04-02T10:51:14.816] [DEBUG] cheese - null
[2020-04-02T10:51:20.166] [DEBUG] cheese - login => username:admin,password:123456
[2020-04-02T10:51:20.166] [DEBUG] cheese - admin
[2020-04-02T10:51:20.171] [DEBUG] cheese - null
[2020-04-02T10:51:20.172] [DEBUG] cheese - null
[2020-04-02T10:54:08.625] [DEBUG] cheese - login => username:admin,password:123456
[2020-04-02T10:54:08.625] [DEBUG] cheese - admin
[2020-04-02T10:54:08.630] [DEBUG] cheese - null
[2020-04-02T10:54:08.630] [DEBUG] cheese - null
[2020-04-02T12:52:02.886] [DEBUG] cheese - login => username:admin,password:123456
[2020-04-02T12:52:02.888] [DEBUG] cheese - admin
[2020-04-02T12:52:02.952] [DEBUG] cheese - null
[2020-04-02T12:52:02.953] [DEBUG] cheese - null
[2020-04-02T13:08:57.091] [DEBUG] cheese - login => username:admin,password:123456
[2020-04-02T13:08:57.091] [DEBUG] cheese - admin
[2020-04-02T13:08:57.099] [DEBUG] cheese - null
[2020-04-02T13:08:57.099] [DEBUG] cheese - null
[2020-04-02T14:01:46.947] [DEBUG] cheese - login => username:admin,password:123456
[2020-04-02T14:01:46.947] [DEBUG] cheese - admin
[2020-04-02T14:01:46.951] [DEBUG] cheese - null
[2020-04-02T14:01:46.951] [DEBUG] cheese - null
[2020-04-02T15:02:54.917] [DEBUG] cheese - login => username:admin,password:123456
[2020-04-02T15:02:54.918] [DEBUG] cheese - admin
[2020-04-02T15:02:54.935] [DEBUG] cheese - null
[2020-04-02T15:02:54.936] [DEBUG] cheese - null
[2020-04-02T16:01:58.309] [DEBUG] cheese - login => username:admin,password:123456
[2020-04-02T16:01:58.313] [DEBUG] cheese - admin
[2020-04-02T16:01:58.342] [DEBUG] cheese - null
[2020-04-02T16:01:58.343] [DEBUG] cheese - null
[2020-04-03T11:09:09.931] [DEBUG] cheese - login => username:admin,password:123456
[2020-04-03T11:09:09.933] [DEBUG] cheese - admin
[2020-04-03T11:09:09.956] [DEBUG] cheese - null
[2020-04-03T11:09:09.957] [DEBUG] cheese - null
[2020-04-03T11:10:12.797] [DEBUG] cheese - login => username:admin,password:123456
[2020-04-03T11:10:12.797] [DEBUG] cheese - admin
[2020-04-03T11:10:12.802] [DEBUG] cheese - null
[2020-04-03T11:10:12.802] [DEBUG] cheese - null
[2020-04-03T11:10:25.328] [DEBUG] cheese - login => username:admin,password:123456
[2020-04-03T11:10:25.328] [DEBUG] cheese - admin
[2020-04-03T11:10:25.330] [DEBUG] cheese - null
[2020-04-03T11:10:25.330] [DEBUG] cheese - null
[2020-04-03T11:10:50.938] [DEBUG] cheese - login => username:admin,password:123456
[2020-04-03T11:10:50.939] [DEBUG] cheese - admin
[2020-04-03T11:10:50.942] [DEBUG] cheese - null
[2020-04-03T11:10:50.942] [DEBUG] cheese - null
[2020-04-03T11:11:34.155] [DEBUG] cheese - login => username:admin,password:123456
[2020-04-03T11:11:34.155] [DEBUG] cheese - admin
[2020-04-03T11:11:34.158] [DEBUG] cheese - null
[2020-04-03T11:11:34.158] [DEBUG] cheese - null
[2020-04-03T11:12:05.051] [DEBUG] cheese - login => username:admin,password:123456
[2020-04-03T11:12:05.051] [DEBUG] cheese - admin
[2020-04-03T11:12:05.054] [DEBUG] cheese - null
[2020-04-03T11:12:05.054] [DEBUG] cheese - null
[2020-04-03T11:12:11.706] [DEBUG] cheese - login => username:admin,password:123456
[2020-04-03T11:12:11.706] [DEBUG] cheese - admin
[2020-04-03T11:12:11.709] [DEBUG] cheese - null
[2020-04-03T11:12:11.709] [DEBUG] cheese - null
[2020-04-03T11:12:37.266] [DEBUG] cheese - login => username:admin,password:123456
[2020-04-03T11:12:37.266] [DEBUG] cheese - admin
[2020-04-03T11:12:37.268] [DEBUG] cheese - null
[2020-04-03T11:12:37.268] [DEBUG] cheese - null
[2020-04-03T11:13:20.610] [DEBUG] cheese - login => username:admin,password:123456
[2020-04-03T11:13:20.610] [DEBUG] cheese - admin
[2020-04-03T11:13:20.613] [DEBUG] cheese - null
[2020-04-03T11:13:20.613] [DEBUG] cheese - null
[2020-04-03T11:30:14.331] [DEBUG] cheese - login => username:admin,password:123456
[2020-04-03T11:30:14.331] [DEBUG] cheese - admin
[2020-04-03T11:30:14.334] [DEBUG] cheese - null
[2020-04-03T11:30:14.334] [DEBUG] cheese - null
[2020-04-05T11:11:22.333] [DEBUG] cheese - login => username:admin,password:123456
[2020-04-05T11:11:22.335] [DEBUG] cheese - admin
[2020-04-05T11:11:22.356] [DEBUG] cheese - null
[2020-04-05T11:11:22.356] [DEBUG] cheese - null
[2020-04-05T12:05:31.035] [DEBUG] cheese - login => username:admin,password:123456
[2020-04-05T12:05:31.035] [DEBUG] cheese - admin
[2020-04-05T12:05:31.038] [DEBUG] cheese - null
[2020-04-05T12:05:31.039] [DEBUG] cheese - null
[2020-04-05T12:05:42.458] [DEBUG] cheese - login => username:admin,password:123456
[2020-04-05T12:05:42.458] [DEBUG] cheese - admin
[2020-04-05T12:05:42.461] [DEBUG] cheese - null
[2020-04-05T12:05:42.461] [DEBUG] cheese - null
[2020-04-05T12:06:35.715] [DEBUG] cheese - login => username:admin,password:123456
[2020-04-05T12:06:35.715] [DEBUG] cheese - admin
[2020-04-05T12:06:35.719] [DEBUG] cheese - null
[2020-04-05T12:06:35.719] [DEBUG] cheese - null
[2020-04-05T12:09:57.450] [DEBUG] cheese - login => username:admin,password:123456
[2020-04-05T12:09:57.450] [DEBUG] cheese - admin
[2020-04-05T12:09:57.454] [DEBUG] cheese - null
[2020-04-05T12:09:57.454] [DEBUG] cheese - null
[2020-04-05T12:11:16.757] [DEBUG] cheese - login => username:admin,password:123456
[2020-04-05T12:11:16.757] [DEBUG] cheese - admin
[2020-04-05T12:11:16.760] [DEBUG] cheese - null
[2020-04-05T12:11:16.760] [DEBUG] cheese - null
[2020-04-05T12:11:22.563] [DEBUG] cheese - login => username:admin,password:123456
[2020-04-05T12:11:22.563] [DEBUG] cheese - admin
[2020-04-05T12:11:22.566] [DEBUG] cheese - null
[2020-04-05T12:11:22.566] [DEBUG] cheese - null
[2020-04-05T12:12:32.387] [DEBUG] cheese - login => username:admin,password:123456
[2020-04-05T12:12:32.387] [DEBUG] cheese - admin
[2020-04-05T12:12:32.390] [DEBUG] cheese - null
[2020-04-05T12:12:32.390] [DEBUG] cheese - null
[2020-04-05T12:17:55.391] [DEBUG] cheese - login => username:admin,password:123456
[2020-04-05T12:17:55.391] [DEBUG] cheese - admin
[2020-04-05T12:17:55.395] [DEBUG] cheese - null
[2020-04-05T12:17:55.395] [DEBUG] cheese - null
[2020-04-05T12:17:59.393] [DEBUG] cheese - login => username:admin,password:123456
[2020-04-05T12:17:59.393] [DEBUG] cheese - admin
[2020-04-05T12:17:59.397] [DEBUG] cheese - null
[2020-04-05T12:17:59.397] [DEBUG] cheese - null
[2020-04-05T12:20:57.595] [DEBUG] cheese - login => username:admin,password:123456
[2020-04-05T12:20:57.595] [DEBUG] cheese - admin
[2020-04-05T12:20:57.598] [DEBUG] cheese - null
[2020-04-05T12:20:57.598] [DEBUG] cheese - null
[2020-04-05T12:27:42.330] [DEBUG] cheese - login => username:admin,password:123456
[2020-04-05T12:27:42.330] [DEBUG] cheese - admin
[2020-04-05T12:27:42.332] [DEBUG] cheese - null
[2020-04-05T12:27:42.333] [DEBUG] cheese - null
[2020-04-05T12:29:12.563] [DEBUG] cheese - login => username:admin,password:123456
[2020-04-05T12:29:12.563] [DEBUG] cheese - admin
[2020-04-05T12:29:12.567] [DEBUG] cheese - null
[2020-04-05T12:29:12.567] [DEBUG] cheese - null
[2020-04-05T12:34:38.554] [DEBUG] cheese - login => username:admin,password:123456
[2020-04-05T12:34:38.554] [DEBUG] cheese - admin
[2020-04-05T12:34:38.558] [DEBUG] cheese - null
[2020-04-05T12:34:38.558] [DEBUG] cheese - null
[2020-04-05T12:35:33.510] [DEBUG] cheese - login => username:admin,password:123456
[2020-04-05T12:35:33.510] [DEBUG] cheese - admin
[2020-04-05T12:35:33.513] [DEBUG] cheese - null
[2020-04-05T12:35:33.513] [DEBUG] cheese - null
[2020-04-05T12:35:40.172] [DEBUG] cheese - login => username:adm,password:123456
[2020-04-05T12:35:40.172] [DEBUG] cheese - adm
[2020-04-05T12:35:40.175] [DEBUG] cheese - null
[2020-04-05T12:35:40.175] [DEBUG] cheese - null
[2020-04-05T12:35:57.278] [DEBUG] cheese - login => username:admin,password:123456
[2020-04-05T12:35:57.278] [DEBUG] cheese - admin
[2020-04-05T12:35:57.281] [DEBUG] cheese - null
[2020-04-05T12:35:57.281] [DEBUG] cheese - null
[2020-04-05T12:37:04.320] [DEBUG] cheese - login => username:admi,password:123456
[2020-04-05T12:37:04.320] [DEBUG] cheese - admi
[2020-04-05T12:37:04.323] [DEBUG] cheese - null
[2020-04-05T12:37:04.323] [DEBUG] cheese - null
[2020-04-05T12:37:16.172] [DEBUG] cheese - login => username:admin,password:123456
[2020-04-05T12:37:16.172] [DEBUG] cheese - admin
[2020-04-05T12:37:16.176] [DEBUG] cheese - null
[2020-04-05T12:37:16.176] [DEBUG] cheese - null
[2020-04-05T12:37:20.781] [DEBUG] cheese - login => username:admin,password:123456
[2020-04-05T12:37:20.781] [DEBUG] cheese - admin
[2020-04-05T12:37:20.784] [DEBUG] cheese - null
[2020-04-05T12:37:20.784] [DEBUG] cheese - null
[2020-04-05T15:29:37.246] [DEBUG] cheese - login => username:admin,password:123456
[2020-04-05T15:29:37.247] [DEBUG] cheese - admin
[2020-04-05T15:29:37.257] [DEBUG] cheese - null
[2020-04-05T15:29:37.257] [DEBUG] cheese - null
[2020-04-05T17:22:25.793] [DEBUG] cheese - login => username:admin,password:123456
[2020-04-05T17:22:25.794] [DEBUG] cheese - admin
[2020-04-05T17:22:25.802] [DEBUG] cheese - null
[2020-04-05T17:22:25.803] [DEBUG] cheese - null
[2020-04-05T17:30:03.110] [DEBUG] cheese - login => username:admin,password:123456
[2020-04-05T17:30:03.110] [DEBUG] cheese - admin
[2020-04-05T17:30:03.113] [DEBUG] cheese - null
[2020-04-05T17:30:03.113] [DEBUG] cheese - null
[2020-04-05T17:45:52.384] [DEBUG] cheese - login => username:admin,password:123456
[2020-04-05T17:45:52.385] [DEBUG] cheese - admin
[2020-04-05T17:45:52.391] [DEBUG] cheese - null
[2020-04-05T17:45:52.392] [DEBUG] cheese - null
[2020-04-05T17:49:34.019] [DEBUG] cheese - login => username:admin,password:123456
[2020-04-05T17:49:34.019] [DEBUG] cheese - admin
[2020-04-05T17:49:34.023] [DEBUG] cheese - null
[2020-04-05T17:49:34.023] [DEBUG] cheese - null
[2020-04-05T17:50:53.194] [DEBUG] cheese - login => username:admin,password:123456
[2020-04-05T17:50:53.194] [DEBUG] cheese - admin
[2020-04-05T17:50:53.197] [DEBUG] cheese - null
[2020-04-05T17:50:53.197] [DEBUG] cheese - null
[2020-04-05T17:54:14.057] [DEBUG] cheese - login => username:admin,password:123456
[2020-04-05T17:54:14.057] [DEBUG] cheese - admin
[2020-04-05T17:54:14.061] [DEBUG] cheese - null
[2020-04-05T17:54:14.061] [DEBUG] cheese - null
[2020-04-05T17:56:11.579] [DEBUG] cheese - login => username:admin,password:123456
[2020-04-05T17:56:11.579] [DEBUG] cheese - admin
[2020-04-05T17:56:11.581] [DEBUG] cheese - null
[2020-04-05T17:56:11.581] [DEBUG] cheese - null
[2020-04-06T10:53:49.450] [DEBUG] cheese - login => username:admin,password:123456
[2020-04-06T10:53:49.452] [DEBUG] cheese - admin
[2020-04-06T10:53:49.491] [DEBUG] cheese - null
[2020-04-06T10:53:49.491] [DEBUG] cheese - null
[2020-04-06T11:20:38.380] [DEBUG] cheese - login => username:admin,password:123456
[2020-04-06T11:20:38.380] [DEBUG] cheese - admin
[2020-04-06T11:20:38.383] [DEBUG] cheese - null
[2020-04-06T11:20:38.383] [DEBUG] cheese - null
[2020-04-06T11:20:46.967] [DEBUG] cheese - login => username:admin,password:123456
[2020-04-06T11:20:46.967] [DEBUG] cheese - admin
[2020-04-06T11:20:46.970] [DEBUG] cheese - null
[2020-04-06T11:20:46.970] [DEBUG] cheese - null
[2020-04-06T11:22:01.826] [DEBUG] cheese - login => username:admin,password:123456
[2020-04-06T11:22:01.827] [DEBUG] cheese - admin
[2020-04-06T11:22:01.829] [DEBUG] cheese - null
[2020-04-06T11:22:01.830] [DEBUG] cheese - null
[2020-04-06T11:23:21.536] [DEBUG] cheese - login => username:admin,password:123456
[2020-04-06T11:23:21.536] [DEBUG] cheese - admin
[2020-04-06T11:23:21.539] [DEBUG] cheese - null
[2020-04-06T11:23:21.539] [DEBUG] cheese - null
[2020-04-06T11:24:41.969] [DEBUG] cheese - login => username:aaa,password:aaaaaa
[2020-04-06T11:24:41.969] [DEBUG] cheese - aaa
[2020-04-06T11:24:41.971] [DEBUG] cheese - null
[2020-04-06T11:24:41.971] [DEBUG] cheese - null
[2020-04-06T11:25:05.469] [DEBUG] cheese - login => username:aaa,password:aaaaaa
[2020-04-06T11:25:05.469] [DEBUG] cheese - aaa
[2020-04-06T11:25:05.473] [DEBUG] cheese - null
[2020-04-06T11:25:05.473] [DEBUG] cheese - null
[2020-04-06T11:25:14.462] [DEBUG] cheese - login => username:aaa,password:aaaaaa
[2020-04-06T11:25:14.463] [DEBUG] cheese - aaa
[2020-04-06T11:25:14.465] [DEBUG] cheese - null
[2020-04-06T11:25:14.465] [DEBUG] cheese - null
[2020-04-06T11:25:15.212] [DEBUG] cheese - login => username:aaa,password:aaaaaa
[2020-04-06T11:25:15.212] [DEBUG] cheese - aaa
[2020-04-06T11:25:15.216] [DEBUG] cheese - null
[2020-04-06T11:25:15.216] [DEBUG] cheese - null
[2020-04-06T11:25:15.444] [DEBUG] cheese - login => username:aaa,password:aaaaaa
[2020-04-06T11:25:15.444] [DEBUG] cheese - aaa
[2020-04-06T11:25:15.449] [DEBUG] cheese - null
[2020-04-06T11:25:15.449] [DEBUG] cheese - null
[2020-04-06T11:25:15.642] [DEBUG] cheese - login => username:aaa,password:aaaaaa
[2020-04-06T11:25:15.642] [DEBUG] cheese - aaa
[2020-04-06T11:25:15.644] [DEBUG] cheese - null
[2020-04-06T11:25:15.644] [DEBUG] cheese - null
[2020-04-06T11:25:15.845] [DEBUG] cheese - login => username:aaa,password:aaaaaa
[2020-04-06T11:25:15.845] [DEBUG] cheese - aaa
[2020-04-06T11:25:15.849] [DEBUG] cheese - null
[2020-04-06T11:25:15.849] [DEBUG] cheese - null
[2020-04-06T11:25:16.224] [DEBUG] cheese - login => username:aaa,password:aaaaaa
[2020-04-06T11:25:16.224] [DEBUG] cheese - aaa
[2020-04-06T11:25:16.226] [DEBUG] cheese - null
[2020-04-06T11:25:16.226] [DEBUG] cheese - null
[2020-04-06T11:25:16.420] [DEBUG] cheese - login => username:aaa,password:aaaaaa
[2020-04-06T11:25:16.421] [DEBUG] cheese - aaa
[2020-04-06T11:25:16.425] [DEBUG] cheese - null
[2020-04-06T11:25:16.426] [DEBUG] cheese - null
[2020-04-06T11:26:12.557] [DEBUG] cheese - login => username:admin,password:123456
[2020-04-06T11:26:12.557] [DEBUG] cheese - admin
[2020-04-06T11:26:12.561] [DEBUG] cheese - null
[2020-04-06T11:26:12.561] [DEBUG] cheese - null
[2020-04-06T11:26:24.102] [DEBUG] cheese - login => username:aaa,password:aaaaaa
[2020-04-06T11:26:24.102] [DEBUG] cheese - aaa
[2020-04-06T11:26:24.105] [DEBUG] cheese - null
[2020-04-06T11:26:24.105] [DEBUG] cheese - null
[2020-04-06T11:27:06.738] [DEBUG] cheese - login => username:aaa,password:123456
[2020-04-06T11:27:06.738] [DEBUG] cheese - aaa
[2020-04-06T11:27:06.743] [DEBUG] cheese - null
[2020-04-06T11:27:06.743] [DEBUG] cheese - null
[2020-04-06T11:29:24.489] [DEBUG] cheese - login => username:bbb,password:123456
[2020-04-06T11:29:24.490] [DEBUG] cheese - bbb
[2020-04-06T11:29:24.493] [DEBUG] cheese - null
[2020-04-06T11:29:24.493] [DEBUG] cheese - null
[2020-04-06T11:29:45.367] [DEBUG] cheese - login => username:bbb,password:123456
[2020-04-06T11:29:45.367] [DEBUG] cheese - bbb
[2020-04-06T11:29:45.369] [DEBUG] cheese - null
[2020-04-06T11:29:45.369] [DEBUG] cheese - null
[2020-04-06T11:29:45.987] [DEBUG] cheese - login => username:bbb,password:123456
[2020-04-06T11:29:45.987] [DEBUG] cheese - bbb
[2020-04-06T11:29:45.991] [DEBUG] cheese - null
[2020-04-06T11:29:45.991] [DEBUG] cheese - null
[2020-04-06T11:29:46.229] [DEBUG] cheese - login => username:bbb,password:123456
[2020-04-06T11:29:46.229] [DEBUG] cheese - bbb
[2020-04-06T11:29:46.234] [DEBUG] cheese - null
[2020-04-06T11:29:46.234] [DEBUG] cheese - null
[2020-04-06T11:29:46.436] [DEBUG] cheese - login => username:bbb,password:123456
[2020-04-06T11:29:46.436] [DEBUG] cheese - bbb
[2020-04-06T11:29:46.440] [DEBUG] cheese - null
[2020-04-06T11:29:46.440] [DEBUG] cheese - null
[2020-04-06T11:29:49.389] [DEBUG] cheese - login => username:admin,password:123456
[2020-04-06T11:29:49.390] [DEBUG] cheese - admin
[2020-04-06T11:29:49.392] [DEBUG] cheese - null
[2020-04-06T11:29:49.392] [DEBUG] cheese - null
[2020-04-06T11:35:59.841] [DEBUG] cheese - login => username:bbb,password:123456
[2020-04-06T11:35:59.842] [DEBUG] cheese - bbb
[2020-04-06T11:35:59.846] [DEBUG] cheese - null
[2020-04-06T11:35:59.846] [DEBUG] cheese - null
[2020-04-06T11:36:38.271] [DEBUG] cheese - login => username:asdf1,password:123456
[2020-04-06T11:36:38.271] [DEBUG] cheese - asdf1
[2020-04-06T11:36:38.274] [DEBUG] cheese - null
[2020-04-06T11:36:38.274] [DEBUG] cheese - null
[2020-04-06T11:37:17.784] [DEBUG] cheese - login => username:linken,password:123456
[2020-04-06T11:37:17.784] [DEBUG] cheese - linken
[2020-04-06T11:37:17.786] [DEBUG] cheese - null
[2020-04-06T11:37:17.786] [DEBUG] cheese - null
[2020-04-06T11:37:24.404] [DEBUG] cheese - login => username:linken,password:123456
[2020-04-06T11:37:24.404] [DEBUG] cheese - linken
[2020-04-06T11:37:24.408] [DEBUG] cheese - null
[2020-04-06T11:37:24.408] [DEBUG] cheese - null
[2020-04-06T11:39:39.662] [DEBUG] cheese - login => username:admin,password:123456
[2020-04-06T11:39:39.662] [DEBUG] cheese - admin
[2020-04-06T11:39:39.666] [DEBUG] cheese - null
[2020-04-06T11:39:39.666] [DEBUG] cheese - null
[2020-04-06T12:23:51.348] [DEBUG] cheese - login => username:admin,password:123456
[2020-04-06T12:23:51.349] [DEBUG] cheese - admin
[2020-04-06T12:23:51.358] [DEBUG] cheese - null
[2020-04-06T12:23:51.359] [DEBUG] cheese - null
[2020-04-06T12:24:34.150] [DEBUG] cheese - login => username:admin,password:123456
[2020-04-06T12:24:34.151] [DEBUG] cheese - admin
[2020-04-06T12:24:34.159] [DEBUG] cheese - null
[2020-04-06T12:24:34.159] [DEBUG] cheese - null
[2020-04-06T12:24:41.987] [DEBUG] cheese - login => username:admin,password:123456
[2020-04-06T12:24:41.987] [DEBUG] cheese - admin
[2020-04-06T12:24:41.991] [DEBUG] cheese - null
[2020-04-06T12:24:41.991] [DEBUG] cheese - null
[2020-04-06T12:25:37.074] [DEBUG] cheese - login => username:admin,password:123456
[2020-04-06T12:25:37.075] [DEBUG] cheese - admin
[2020-04-06T12:25:37.084] [DEBUG] cheese - null
[2020-04-06T12:25:37.084] [DEBUG] cheese - null
[2020-04-06T12:31:59.939] [DEBUG] cheese - login => username:admin,password:123456
[2020-04-06T12:31:59.940] [DEBUG] cheese - admin
[2020-04-06T12:31:59.949] [DEBUG] cheese - null
[2020-04-06T12:31:59.950] [DEBUG] cheese - null
[2020-04-06T12:32:44.068] [DEBUG] cheese - login => username:admin,password:123456
[2020-04-06T12:32:44.069] [DEBUG] cheese - admin
[2020-04-06T12:32:44.077] [DEBUG] cheese - null
[2020-04-06T12:32:44.077] [DEBUG] cheese - null
[2020-04-06T12:38:20.205] [DEBUG] cheese - login => username:admin,password:123456
[2020-04-06T12:38:20.205] [DEBUG] cheese - admin
[2020-04-06T12:38:20.209] [DEBUG] cheese - null
[2020-04-06T12:38:20.209] [DEBUG] cheese - null
[2020-04-06T12:42:31.202] [DEBUG] cheese - login => username:admin,password:123456
[2020-04-06T12:42:31.202] [DEBUG] cheese - admin
[2020-04-06T12:42:31.205] [DEBUG] cheese - null
[2020-04-06T12:42:31.205] [DEBUG] cheese - null
[2020-04-06T12:44:31.873] [DEBUG] cheese - login => username:aaa,password:123456
[2020-04-06T12:44:31.874] [DEBUG] cheese - aaa
[2020-04-06T12:44:31.882] [DEBUG] cheese - null
[2020-04-06T12:44:31.882] [DEBUG] cheese - null
[2020-04-06T12:44:48.613] [DEBUG] cheese - login => username:aaa,password:123456
[2020-04-06T12:44:48.613] [DEBUG] cheese - aaa
[2020-04-06T12:44:48.616] [DEBUG] cheese - null
[2020-04-06T12:44:48.616] [DEBUG] cheese - null
[2020-04-06T12:45:19.449] [DEBUG] cheese - login => username:admin,password:123456
[2020-04-06T12:45:19.451] [DEBUG] cheese - admin
[2020-04-06T12:45:19.458] [DEBUG] cheese - null
[2020-04-06T12:45:19.459] [DEBUG] cheese - null
[2020-04-06T12:45:46.121] [DEBUG] cheese - login => username:linken,password:123456
[2020-04-06T12:45:46.122] [DEBUG] cheese - linken
[2020-04-06T12:45:46.130] [DEBUG] cheese - null
[2020-04-06T12:45:46.130] [DEBUG] cheese - null
[2020-04-06T12:45:55.157] [DEBUG] cheese - login => username:linken,password:123456
[2020-04-06T12:45:55.158] [DEBUG] cheese - linken
[2020-04-06T12:45:55.167] [DEBUG] cheese - null
[2020-04-06T12:45:55.167] [DEBUG] cheese - null
[2020-04-06T12:45:55.931] [DEBUG] cheese - login => username:linken,password:123456
[2020-04-06T12:45:55.931] [DEBUG] cheese - linken
[2020-04-06T12:45:55.936] [DEBUG] cheese - null
[2020-04-06T12:45:55.936] [DEBUG] cheese - null
[2020-04-06T12:45:58.254] [DEBUG] cheese - login => username:admin,password:123456
[2020-04-06T12:45:58.255] [DEBUG] cheese - admin
[2020-04-06T12:45:58.259] [DEBUG] cheese - null
[2020-04-06T12:45:58.259] [DEBUG] cheese - null
[2020-04-06T14:46:19.406] [DEBUG] cheese - login => username:admin,password:123456
[2020-04-06T14:46:19.406] [DEBUG] cheese - admin
[2020-04-06T14:46:19.410] [DEBUG] cheese - null
[2020-04-06T14:46:19.410] [DEBUG] cheese - null
[2020-04-06T14:46:49.755] [DEBUG] cheese - login => username:admin,password:123456
[2020-04-06T14:46:49.755] [DEBUG] cheese - admin
[2020-04-06T14:46:49.757] [DEBUG] cheese - null
[2020-04-06T14:46:49.757] [DEBUG] cheese - null
[2020-04-06T14:49:53.883] [DEBUG] cheese - login => username:admin,password:123456
[2020-04-06T14:49:53.883] [DEBUG] cheese - admin
[2020-04-06T14:49:53.887] [DEBUG] cheese - null
[2020-04-06T14:49:53.888] [DEBUG] cheese - null
[2020-04-06T14:51:21.902] [DEBUG] cheese - login => username:admin,password:123456
[2020-04-06T14:51:21.902] [DEBUG] cheese - admin
[2020-04-06T14:51:21.907] [DEBUG] cheese - null
[2020-04-06T14:51:21.907] [DEBUG] cheese - null
[2020-04-06T14:52:26.086] [DEBUG] cheese - login => username:admin,password:123456
[2020-04-06T14:52:26.086] [DEBUG] cheese - admin
[2020-04-06T14:52:26.090] [DEBUG] cheese - null
[2020-04-06T14:52:26.090] [DEBUG] cheese - null
[2020-04-06T14:53:08.629] [DEBUG] cheese - login => username:admin,password:123456
[2020-04-06T14:53:08.629] [DEBUG] cheese - admin
[2020-04-06T14:53:08.634] [DEBUG] cheese - null
[2020-04-06T14:53:08.634] [DEBUG] cheese - null
[2020-04-06T18:45:49.843] [DEBUG] cheese - login => username:admin,password:123456
[2020-04-06T18:45:49.844] [DEBUG] cheese - admin
[2020-04-06T18:45:49.849] [DEBUG] cheese - null
[2020-04-06T18:45:49.849] [DEBUG] cheese - null
[2020-04-07T11:21:10.462] [DEBUG] cheese - login => username:admin,password:123456
[2020-04-07T11:21:10.463] [DEBUG] cheese - admin
[2020-04-07T11:21:10.482] [DEBUG] cheese - null
[2020-04-07T11:21:10.482] [DEBUG] cheese - null
[2020-04-07T11:40:49.113] [DEBUG] cheese - login => username:admin,password:123456
[2020-04-07T11:40:49.114] [DEBUG] cheese - admin
[2020-04-07T11:40:49.117] [DEBUG] cheese - null
[2020-04-07T11:40:49.117] [DEBUG] cheese - null
[2020-04-07T11:43:32.933] [DEBUG] cheese - login => username:admin,password:123456
[2020-04-07T11:43:32.933] [DEBUG] cheese - admin
[2020-04-07T11:43:32.936] [DEBUG] cheese - null
[2020-04-07T11:43:32.936] [DEBUG] cheese - null
[2020-04-07T11:49:54.292] [DEBUG] cheese - login => username:admin,password:123456
[2020-04-07T11:49:54.293] [DEBUG] cheese - admin
[2020-04-07T11:49:54.299] [DEBUG] cheese - null
[2020-04-07T11:49:54.300] [DEBUG] cheese - null
[2020-04-07T11:49:57.177] [DEBUG] cheese - login => username:admin,password:123456
[2020-04-07T11:49:57.177] [DEBUG] cheese - admin
[2020-04-07T11:49:57.181] [DEBUG] cheese - null
[2020-04-07T11:49:57.181] [DEBUG] cheese - null
[2020-04-07T11:49:58.623] [DEBUG] cheese - login => username:admin,password:123456
[2020-04-07T11:49:58.623] [DEBUG] cheese - admin
[2020-04-07T11:49:58.627] [DEBUG] cheese - null
[2020-04-07T11:49:58.627] [DEBUG] cheese - null
[2020-04-07T11:50:04.394] [DEBUG] cheese - login => username:admin,password:123456
[2020-04-07T11:50:04.395] [DEBUG] cheese - admin
[2020-04-07T11:50:04.403] [DEBUG] cheese - null
[2020-04-07T11:50:04.404] [DEBUG] cheese - null
[2020-04-07T12:54:39.059] [DEBUG] cheese - login => username:admin,password:123456
[2020-04-07T12:54:39.061] [DEBUG] cheese - admin
[2020-04-07T12:54:39.070] [DEBUG] cheese - null
[2020-04-07T12:54:39.071] [DEBUG] cheese - null
[2020-04-07T12:54:45.106] [DEBUG] cheese - login => username:admin,password:123456
[2020-04-07T12:54:45.106] [DEBUG] cheese - admin
[2020-04-07T12:54:45.111] [DEBUG] cheese - null
[2020-04-07T12:54:45.111] [DEBUG] cheese - null
[2020-04-07T13:18:37.387] [DEBUG] cheese - login => username:admin,password:123456
[2020-04-07T13:18:37.389] [DEBUG] cheese - admin
[2020-04-07T13:18:37.398] [DEBUG] cheese - null
[2020-04-07T13:18:37.398] [DEBUG] cheese - null
[2020-04-07T13:19:29.799] [DEBUG] cheese - login => username:admin,password:123456
[2020-04-07T13:19:29.799] [DEBUG] cheese - admin
[2020-04-07T13:19:29.803] [DEBUG] cheese - null
[2020-04-07T13:19:29.803] [DEBUG] cheese - null
[2020-04-07T13:22:44.520] [DEBUG] cheese - login => username:admin,password:123456
[2020-04-07T13:22:44.521] [DEBUG] cheese - admin
[2020-04-07T13:22:44.524] [DEBUG] cheese - null
[2020-04-07T13:22:44.524] [DEBUG] cheese - null
[2020-04-07T13:23:31.600] [DEBUG] cheese - login => username:admin,password:123456
[2020-04-07T13:23:31.600] [DEBUG] cheese - admin
[2020-04-07T13:23:31.603] [DEBUG] cheese - null
[2020-04-07T13:23:31.603] [DEBUG] cheese - null
[2020-04-07T13:24:17.202] [DEBUG] cheese - login => username:admin,password:123456
[2020-04-07T13:24:17.202] [DEBUG] cheese - admin
[2020-04-07T13:24:17.205] [DEBUG] cheese - null
[2020-04-07T13:24:17.205] [DEBUG] cheese - null
[2020-04-09T11:26:41.333] [DEBUG] cheese - login => username:admin,password:123456
[2020-04-09T11:26:41.335] [DEBUG] cheese - admin
[2020-04-09T11:26:41.348] [DEBUG] cheese - null
[2020-04-09T11:26:41.348] [DEBUG] cheese - null
[2020-04-09T11:51:46.380] [DEBUG] cheese - login => username:admin,password:123456
[2020-04-09T11:51:46.380] [DEBUG] cheese - admin
[2020-04-09T11:51:46.383] [DEBUG] cheese - null
[2020-04-09T11:51:46.383] [DEBUG] cheese - null
[2020-04-09T15:18:29.409] [DEBUG] cheese - login => username:admin,password:123456
[2020-04-09T15:18:29.409] [DEBUG] cheese - admin
[2020-04-09T15:18:29.414] [DEBUG] cheese - null
[2020-04-09T15:18:29.414] [DEBUG] cheese - null
[2020-04-10T09:37:40.673] [DEBUG] cheese - login => username:admin,password:123456
[2020-04-10T09:37:40.675] [DEBUG] cheese - admin
[2020-04-10T09:37:40.711] [DEBUG] cheese - null
[2020-04-10T09:37:40.711] [DEBUG] cheese - null
[2020-04-10T09:53:41.982] [DEBUG] cheese - login => username:admin,password:123456
[2020-04-10T09:53:41.982] [DEBUG] cheese - admin
[2020-04-10T09:53:41.987] [DEBUG] cheese - null
[2020-04-10T09:53:41.987] [DEBUG] cheese - null
[2020-04-10T10:00:03.736] [DEBUG] cheese - login => username:admin,password:123456
[2020-04-10T10:00:03.736] [DEBUG] cheese - admin
[2020-04-10T10:00:03.741] [DEBUG] cheese - null
[2020-04-10T10:00:03.741] [DEBUG] cheese - null
[2020-04-10T10:44:36.886] [DEBUG] cheese - login => username:admin,password:123456
[2020-04-10T10:44:36.886] [DEBUG] cheese - admin
[2020-04-10T10:44:36.893] [DEBUG] cheese - null
[2020-04-10T10:44:36.893] [DEBUG] cheese - null
[2020-04-10T10:48:01.365] [DEBUG] cheese - login => username:admin,password:123456
[2020-04-10T10:48:01.366] [DEBUG] cheese - admin
[2020-04-10T10:48:01.376] [DEBUG] cheese - null
[2020-04-10T10:48:01.377] [DEBUG] cheese - null
[2020-04-10T10:57:50.253] [DEBUG] cheese - login => username:admin,password:123456
[2020-04-10T10:57:50.253] [DEBUG] cheese - admin
[2020-04-10T10:57:50.257] [DEBUG] cheese - null
[2020-04-10T10:57:50.258] [DEBUG] cheese - null
[2020-04-10T11:02:23.705] [DEBUG] cheese - login => username:admin,password:123456
[2020-04-10T11:02:23.706] [DEBUG] cheese - admin
[2020-04-10T11:02:23.709] [DEBUG] cheese - null
[2020-04-10T11:02:23.709] [DEBUG] cheese - null
[2020-04-10T11:06:05.051] [DEBUG] cheese - login => username:admin,password:123456
[2020-04-10T11:06:05.051] [DEBUG] cheese - admin
[2020-04-10T11:06:05.055] [DEBUG] cheese - null
[2020-04-10T11:06:05.055] [DEBUG] cheese - null
[2020-04-10T11:28:13.095] [DEBUG] cheese - login => username:admin,password:123456
[2020-04-10T11:28:13.095] [DEBUG] cheese - admin
[2020-04-10T11:28:13.101] [DEBUG] cheese - null
[2020-04-10T11:28:13.101] [DEBUG] cheese - null
[2020-04-10T11:39:19.035] [DEBUG] cheese - login => username:admin,password:123456
[2020-04-10T11:39:19.038] [DEBUG] cheese - admin
[2020-04-10T11:39:19.057] [DEBUG] cheese - null
[2020-04-10T11:39:19.059] [DEBUG] cheese - null
[2020-04-10T11:48:33.567] [DEBUG] cheese - login => username:admin,password:123456
[2020-04-10T11:48:33.570] [DEBUG] cheese - admin
[2020-04-10T11:48:33.596] [DEBUG] cheese - null
[2020-04-10T11:48:33.597] [DEBUG] cheese - null
[2020-04-10T14:23:31.712] [DEBUG] cheese - login => username:admin,password:123456
[2020-04-10T14:23:31.713] [DEBUG] cheese - admin
[2020-04-10T14:23:31.723] [DEBUG] cheese - null
[2020-04-10T14:23:31.723] [DEBUG] cheese - null
[2020-04-10T14:29:24.124] [DEBUG] cheese - login => username:admin,password:123456
[2020-04-10T14:29:24.124] [DEBUG] cheese - admin
[2020-04-10T14:29:24.130] [DEBUG] cheese - null
[2020-04-10T14:29:24.130] [DEBUG] cheese - null
[2020-04-10T14:57:32.090] [DEBUG] cheese - login => username:admin,password:123456
[2020-04-10T14:57:32.091] [DEBUG] cheese - admin
[2020-04-10T14:57:32.093] [DEBUG] cheese - null
[2020-04-10T14:57:32.093] [DEBUG] cheese - null
[2020-04-11T08:33:25.435] [DEBUG] cheese - login => username:admin,password:123456
[2020-04-11T08:33:25.436] [DEBUG] cheese - admin
[2020-04-11T08:33:25.463] [DEBUG] cheese - null
[2020-04-11T08:33:25.464] [DEBUG] cheese - null
[2020-04-11T10:48:31.230] [DEBUG] cheese - login => username:admin,password:123456
[2020-04-11T10:48:31.233] [DEBUG] cheese - admin
[2020-04-11T10:48:31.244] [DEBUG] cheese - null
[2020-04-11T10:48:31.244] [DEBUG] cheese - null
[2020-04-11T13:02:46.405] [DEBUG] cheese - null
[2020-04-11T13:04:09.786] [DEBUG] cheese - null
[2020-04-12T09:09:35.178] [DEBUG] cheese - login => username:admin,password:123456
[2020-04-12T09:09:35.181] [DEBUG] cheese - admin
[2020-04-12T09:09:35.222] [DEBUG] cheese - null
[2020-04-12T09:09:35.223] [DEBUG] cheese - null
[2020-04-12T10:13:00.817] [DEBUG] cheese - login => username:admin,password:123456
[2020-04-12T10:13:00.819] [DEBUG] cheese - admin
[2020-04-12T10:13:00.822] [DEBUG] cheese - null
[2020-04-12T10:13:00.823] [DEBUG] cheese - null
[2020-04-12T10:16:14.361] [DEBUG] cheese - login => username:admin,password:123456
[2020-04-12T10:16:14.361] [DEBUG] cheese - admin
[2020-04-12T10:16:14.365] [DEBUG] cheese - null
[2020-04-12T10:16:14.365] [DEBUG] cheese - null
[2020-04-13T12:59:47.310] [DEBUG] cheese - login => username:admin,password:123456
[2020-04-13T12:59:47.312] [DEBUG] cheese - admin
[2020-04-13T12:59:47.348] [DEBUG] cheese - null
[2020-04-13T12:59:47.348] [DEBUG] cheese - null
[2020-04-14T09:14:23.829] [DEBUG] cheese - login => username:admin,password:123456
[2020-04-14T09:14:23.831] [DEBUG] cheese - admin
[2020-04-14T09:14:23.865] [DEBUG] cheese - null
[2020-04-14T09:14:23.866] [DEBUG] cheese - null
[2020-04-21T09:43:53.842] [DEBUG] cheese - login => username:admin,password:123456
[2020-04-21T09:43:53.844] [DEBUG] cheese - admin
[2020-04-21T09:43:53.880] [DEBUG] cheese - null
[2020-04-21T09:43:53.881] [DEBUG] cheese - null
[2020-04-21T10:02:34.701] [DEBUG] cheese - login => username:admin,password:123456
[2020-04-21T10:02:34.702] [DEBUG] cheese - admin
[2020-04-21T10:02:34.707] [DEBUG] cheese - null
[2020-04-21T10:02:34.708] [DEBUG] cheese - null
[2020-04-21T16:32:10.816] [DEBUG] cheese - login => username:admin,password:123456
[2020-04-21T16:32:10.818] [DEBUG] cheese - admin
[2020-04-21T16:32:10.850] [DEBUG] cheese - null
[2020-04-21T16:32:10.850] [DEBUG] cheese - null
[2020-04-21T16:36:28.191] [DEBUG] cheese - login => username:admin,password:123456
[2020-04-21T16:36:28.192] [DEBUG] cheese - admin
[2020-04-21T16:36:28.196] [DEBUG] cheese - null
[2020-04-21T16:36:28.196] [DEBUG] cheese - null
[2020-04-21T16:38:15.677] [DEBUG] cheese - login => username:admin,password:123456
[2020-04-21T16:38:15.678] [DEBUG] cheese - admin
[2020-04-21T16:38:15.681] [DEBUG] cheese - null
[2020-04-21T16:38:15.682] [DEBUG] cheese - null
[2020-04-21T16:44:34.621] [DEBUG] cheese - login => username:admin,password:123456
[2020-04-21T16:44:34.621] [DEBUG] cheese - admin
[2020-04-21T16:44:34.625] [DEBUG] cheese - null
[2020-04-21T16:44:34.625] [DEBUG] cheese - null
[2020-04-21T17:02:22.677] [DEBUG] cheese - login => username:admin,password:123456
[2020-04-21T17:02:22.678] [DEBUG] cheese - admin
[2020-04-21T17:02:22.688] [DEBUG] cheese - null
[2020-04-21T17:02:22.688] [DEBUG] cheese - null
[2020-04-21T17:22:07.268] [DEBUG] cheese - login => username:admin,password:123456
[2020-04-21T17:22:07.270] [DEBUG] cheese - admin
[2020-04-21T17:22:07.275] [DEBUG] cheese - null
[2020-04-21T17:22:07.276] [DEBUG] cheese - null
[2020-04-22T09:20:01.687] [DEBUG] cheese - login => username:admin,password:123456
[2020-04-22T09:20:01.689] [DEBUG] cheese - admin
[2020-04-22T09:20:01.713] [DEBUG] cheese - null
[2020-04-22T09:20:01.713] [DEBUG] cheese - null
[2020-04-22T09:24:04.525] [DEBUG] cheese - login => username:admin,password:123456
[2020-04-22T09:24:04.527] [DEBUG] cheese - admin
[2020-04-22T09:24:04.531] [DEBUG] cheese - null
[2020-04-22T09:24:04.532] [DEBUG] cheese - null
[2020-04-22T10:12:25.137] [DEBUG] cheese - login => username:admin,password:123456
[2020-04-22T10:12:25.138] [DEBUG] cheese - admin
[2020-04-22T10:12:25.143] [DEBUG] cheese - null
[2020-04-22T10:12:25.143] [DEBUG] cheese - null
[2020-04-23T09:31:19.007] [DEBUG] cheese - login => username:admin,password:123456
[2020-04-23T09:31:19.009] [DEBUG] cheese - admin
[2020-04-23T09:31:19.040] [DEBUG] cheese - null
[2020-04-23T09:31:19.040] [DEBUG] cheese - null
[2020-04-24T09:52:21.509] [DEBUG] cheese - login => username:admin,password:123456
[2020-04-24T09:52:21.510] [DEBUG] cheese - admin
[2020-04-24T09:52:21.540] [DEBUG] cheese - null
[2020-04-24T09:52:21.541] [DEBUG] cheese - null
[2020-04-24T10:35:57.682] [DEBUG] cheese - login => username:admin,password:123456
[2020-04-24T10:35:57.683] [DEBUG] cheese - admin
[2020-04-24T10:35:57.687] [DEBUG] cheese - null
[2020-04-24T10:35:57.688] [DEBUG] cheese - null
[2020-04-24T11:55:19.772] [DEBUG] cheese - login => username:admin,password:123456
[2020-04-24T11:55:19.773] [DEBUG] cheese - admin
[2020-04-24T11:55:19.784] [DEBUG] cheese - null
[2020-04-24T11:55:19.784] [DEBUG] cheese - null
[2020-04-24T12:05:07.366] [DEBUG] cheese - login => username:admin,password:123456
[2020-04-24T12:05:07.367] [DEBUG] cheese - admin
[2020-04-24T12:05:07.373] [DEBUG] cheese - null
[2020-04-24T12:05:07.373] [DEBUG] cheese - null
[2020-04-24T12:05:28.378] [DEBUG] cheese - login => username:admin,password:123456
[2020-04-24T12:05:28.379] [DEBUG] cheese - admin
[2020-04-24T12:05:28.388] [DEBUG] cheese - null
[2020-04-24T12:05:28.389] [DEBUG] cheese - null
[2020-04-24T12:06:19.401] [DEBUG] cheese - login => username:admin,password:123456
[2020-04-24T12:06:19.401] [DEBUG] cheese - admin
[2020-04-24T12:06:19.405] [DEBUG] cheese - null
[2020-04-24T12:06:19.406] [DEBUG] cheese - null
[2020-04-25T09:53:22.425] [DEBUG] cheese - login => username:admin,password:123456
[2020-04-25T09:53:22.427] [DEBUG] cheese - admin
[2020-04-25T09:53:22.446] [DEBUG] cheese - null
[2020-04-25T09:53:22.446] [DEBUG] cheese - null
[2020-04-25T09:55:32.713] [DEBUG] cheese - login => username:admin,password:123456
[2020-04-25T09:55:32.714] [DEBUG] cheese - admin
[2020-04-25T09:55:32.722] [DEBUG] cheese - null
[2020-04-25T09:55:32.722] [DEBUG] cheese - null
[2020-04-25T10:28:54.043] [DEBUG] cheese - login => username:admin,password:123456
[2020-04-25T10:28:54.044] [DEBUG] cheese - admin
[2020-04-25T10:28:54.050] [DEBUG] cheese - null
[2020-04-25T10:28:54.051] [DEBUG] cheese - null
[2020-04-25T10:36:33.332] [DEBUG] cheese - login => username:admin,password:123456
[2020-04-25T10:36:33.332] [DEBUG] cheese - admin
[2020-04-25T10:36:33.335] [DEBUG] cheese - null
[2020-04-25T10:36:33.335] [DEBUG] cheese - null
[2020-04-26T08:40:33.728] [DEBUG] cheese - login => username:admin,password:123456
[2020-04-26T08:40:33.730] [DEBUG] cheese - admin
[2020-04-26T08:40:33.769] [DEBUG] cheese - null
[2020-04-26T08:40:33.770] [DEBUG] cheese - null
[2020-04-26T08:46:06.550] [DEBUG] cheese - null
[2020-04-26T09:18:10.524] [DEBUG] cheese - login => username:admin,password:123456
[2020-04-26T09:18:10.525] [DEBUG] cheese - admin
[2020-04-26T09:18:10.527] [DEBUG] cheese - null
[2020-04-26T09:18:10.528] [DEBUG] cheese - null
[2020-07-08T15:20:41.413] [DEBUG] cheese - login => username:admin,password:123456
[2020-07-08T15:20:41.414] [DEBUG] cheese - admin
[2020-07-08T15:20:41.639] [DEBUG] cheese - null
[2020-07-08T15:20:41.639] [DEBUG] cheese - null
[2020-07-08T15:48:05.982] [DEBUG] cheese - login => username:admin,password:123456
[2020-07-08T15:48:05.983] [DEBUG] cheese - admin
[2020-07-08T15:48:05.992] [DEBUG] cheese - null
[2020-07-08T15:48:05.992] [DEBUG] cheese - null
